<?xml version="1.0" encoding="UTF-8"?>
<!-- Generated by org.testng.reporters.JUnitXMLReporter -->
<testsuite ignored="0" hostname="DESKTOP-TDM8J6J" failures="2" tests="18" name="MyProject" time="79.033" errors="0" timestamp="2021-08-07T16:57:12 IST">
  <testcase classname="testngPkg.LoginPage" name="urlVerify" time="0.026"/>
  <testcase classname="testngPkg.LoginPage" name="titleVerify" time="0.015"/>
  <testcase classname="testngPkg.LoginPage" name="loginWithValidCredentials" time="19.643">
    <failure type="org.openqa.selenium.NoSuchElementException" message="no such element: Unable to locate element: {&amp;quot;method&amp;quot;:&amp;quot;xpath&amp;quot;,&amp;quot;selector&amp;quot;:&amp;quot;//*[@id=&amp;apos;parsley-id-6&amp;apos;]/li&amp;quot;}
  (Session info: chrome=92.0.4515.131)
For documentation on this error, please visit: https://www.seleniumhq.org/exceptions/no_such_element.html
Build info: version: &amp;apos;3.141.59&amp;apos;, revision: &amp;apos;e82be7d358&amp;apos;, time: &amp;apos;2018-11-14T08:17:03&amp;apos;
System info: host: &amp;apos;DESKTOP-TDM8J6J&amp;apos;, ip: &amp;apos;192.168.1.100&amp;apos;, os.name: &amp;apos;Windows 10&amp;apos;, os.arch: &amp;apos;amd64&amp;apos;, os.version: &amp;apos;10.0&amp;apos;, java.version: &amp;apos;15.0.2&amp;apos;
Driver info: org.openqa.selenium.chrome.ChromeDriver
Capabilities {acceptInsecureCerts: false, browserName: chrome, browserVersion: 92.0.4515.131, chrome: {chromedriverVersion: 91.0.4472.19 (1bf021f248676..., userDataDir: C:\Users\HP\AppData\Local\T...}, goog:chromeOptions: {debuggerAddress: localhost:63389}, javascriptEnabled: true, networkConnectionEnabled: false, pageLoadStrategy: normal, platform: WINDOWS, platformName: WINDOWS, proxy: Proxy(), setWindowRect: true, strictFileInteractability: false, timeouts: {implicit: 0, pageLoad: 300000, script: 30000}, unhandledPromptBehavior: dismiss and notify, webauthn:extension:largeBlob: true, webauthn:virtualAuthenticators: true}
Session ID: bf43e0815142f7380d62753d27ae1bcb
*** Element info: {Using=xpath, value=//*[@id=&amp;apos;parsley-id-6&amp;apos;]/li}">
      <![CDATA[org.openqa.selenium.NoSuchElementException: no such element: Unable to locate element: {"method":"xpath","selector":"//*[@id='parsley-id-6']/li"}
  (Session info: chrome=92.0.4515.131)
For documentation on this error, please visit: https://www.seleniumhq.org/exceptions/no_such_element.html
Build info: version: '3.141.59', revision: 'e82be7d358', time: '2018-11-14T08:17:03'
System info: host: 'DESKTOP-TDM8J6J', ip: '192.168.1.100', os.name: 'Windows 10', os.arch: 'amd64', os.version: '10.0', java.version: '15.0.2'
Driver info: org.openqa.selenium.chrome.ChromeDriver
Capabilities {acceptInsecureCerts: false, browserName: chrome, browserVersion: 92.0.4515.131, chrome: {chromedriverVersion: 91.0.4472.19 (1bf021f248676..., userDataDir: C:\Users\HP\AppData\Local\T...}, goog:chromeOptions: {debuggerAddress: localhost:63389}, javascriptEnabled: true, networkConnectionEnabled: false, pageLoadStrategy: normal, platform: WINDOWS, platformName: WINDOWS, proxy: Proxy(), setWindowRect: true, strictFileInteractability: false, timeouts: {implicit: 0, pageLoad: 300000, script: 30000}, unhandledPromptBehavior: dismiss and notify, webauthn:extension:largeBlob: true, webauthn:virtualAuthenticators: true}
Session ID: bf43e0815142f7380d62753d27ae1bcb
*** Element info: {Using=xpath, value=//*[@id='parsley-id-6']/li}
at org.openqa.selenium.remote.http.W3CHttpResponseCodec.createException(W3CHttpResponseCodec.java:187)
at org.openqa.selenium.remote.http.W3CHttpResponseCodec.decode(W3CHttpResponseCodec.java:122)
at org.openqa.selenium.remote.http.W3CHttpResponseCodec.decode(W3CHttpResponseCodec.java:49)
at org.openqa.selenium.remote.HttpCommandExecutor.execute(HttpCommandExecutor.java:158)
at org.openqa.selenium.remote.service.DriverCommandExecutor.execute(DriverCommandExecutor.java:83)
at org.openqa.selenium.remote.RemoteWebDriver.execute(RemoteWebDriver.java:552)
at org.openqa.selenium.remote.RemoteWebDriver.findElement(RemoteWebDriver.java:323)
at org.openqa.selenium.remote.RemoteWebDriver.findElementByXPath(RemoteWebDriver.java:428)
at org.openqa.selenium.By$ByXPath.findElement(By.java:353)
at org.openqa.selenium.remote.RemoteWebDriver.findElement(RemoteWebDriver.java:315)
at utility.WebDriverManager.loginWithValidCredentials(WebDriverManager.java:102)
at testngPkg.LoginPage.loginWithValidCredentials(LoginPage.java:76)
at java.base/java.util.ArrayList.forEach(ArrayList.java:1511)
... Removed 32 stack frames]]>
    </failure>
  </testcase> <!-- loginWithValidCredentials -->
  <testcase classname="testngPkg.Projects" name="navigateToProjects" time="4.308"/>
  <testcase classname="testngPkg.Projects" name="newProjectCreate" time="9.749"/>
  <testcase classname="testngPkg.Projects" name="switchtoAllProjects" time="1.886"/>
  <testcase classname="testngPkg.Projects" name="searchProject" time="1.204"/>
  <testcase classname="testngPkg.Tasks" name="navigateToTasks" time="2.325"/>
  <testcase classname="testngPkg.Tasks" name="newTaskCreate" time="6.761"/>
  <testcase classname="testngPkg.Tasks" name="switchtoAllTasks" time="1.426"/>
  <testcase classname="testngPkg.Tasks" name="searchTask" time="1.219"/>
  <testcase classname="testngPkg.Bugs" name="navigateToBugs" time="2.871"/>
  <testcase classname="testngPkg.Bugs" name="newBugCreate" time="14.238"/>
  <testcase classname="testngPkg.Bugs" name="switchtoAllBugs" time="1.4"/>
  <testcase classname="testngPkg.Bugs" name="searchBug" time="1.21"/>
  <testcase classname="testngPkg.Bugs" name="generateExtentReport" time="0.001">
    <failure type="java.lang.NullPointerException" message="Cannot invoke &amp;quot;org.openqa.selenium.WebDriver.getTitle()&amp;quot; because &amp;quot;testngPkg.ExtentReportGenerator.driver&amp;quot; is null">
      <![CDATA[java.lang.NullPointerException: Cannot invoke "org.openqa.selenium.WebDriver.getTitle()" because "testngPkg.ExtentReportGenerator.driver" is null
at testngPkg.ExtentReportGenerator.generateExtentReport(ExtentReportGenerator.java:35)
at testngPkg.Bugs.generateExtentReport(Bugs.java:148)
at java.base/java.util.ArrayList.forEach(ArrayList.java:1511)
... Removed 27 stack frames]]>
    </failure>
  </testcase> <!-- generateExtentReport -->
  <testcase classname="testngPkg.Bugs" name="logOut" time="1.274"/>
  <testcase classname="testngPkg.ExtentReportGenerator" name="generateExtentReport" time="0.02"/>
</testsuite> <!-- MyProject -->
